#
# There is insufficient memory for the Java Runtime Environment to continue.
# Native memory allocation (malloc) failed to allocate 1048576 bytes for AllocateHeap
# Possible reasons:
#   The system is out of physical RAM or swap space
#   In 32 bit mode, the process size limit was hit
# Possible solutions:
#   Reduce memory load on the system
#   Increase physical memory or swap space
#   Check if swap backing store is full
#   Use 64 bit Java on a 64 bit OS
#   Decrease Java heap size (-Xmx/-Xms)
#   Decrease number of Java threads
#   Decrease Java thread stack sizes (-Xss)
#   Set larger code cache with -XX:ReservedCodeCacheSize=
# This output file may be truncated or incomplete.
#
#  Out of Memory Error (memory/allocation.inline.hpp:61), pid=45712, tid=0x0000000000005ee0
#
# JRE version:  (8.0_161-b12) (build )
# Java VM: Java HotSpot(TM) 64-Bit Server VM (25.161-b12 mixed mode windows-amd64 compressed oops)
# Failed to write core dump. Minidumps are not enabled by default on client versions of Windows
#

---------------  T H R E A D  ---------------

Current thread (0x00000000051a2800):  JavaThread "Unknown thread" [_thread_in_vm, id=24288, stack(0x00000000050a0000,0x00000000051a0000)]

Stack: [0x00000000050a0000,0x00000000051a0000]
[error occurred during error reporting (printing stack bounds), id 0xc0000005]

Native frames: (J=compiled Java code, j=interpreted, Vv=VM code, C=native code)


---------------  P R O C E S S  ---------------

Java Threads: ( => current thread )

Other Threads:

=>0x00000000051a2800 (exited) JavaThread "Unknown thread" [_thread_in_vm, id=24288, stack(0x00000000050a0000,0x00000000051a0000)]

VM state:not at safepoint (normal execution)

VM Mutex/Monitor currently owned by a thread: None

Heap:
 PSYoungGen      total 17408K, used 307K [0x00000000ed180000, 0x00000000ee480000, 0x0000000100000000)
  eden space 15360K, 2% used [0x00000000ed180000,0x00000000ed1cccd8,0x00000000ee080000)
  from space 2048K, 0% used [0x00000000ee280000,0x00000000ee280000,0x00000000ee480000)
  to   space 2048K, 0% used [0x00000000ee080000,0x00000000ee080000,0x00000000ee280000)
 ParOldGen       total 39936K, used 0K [0x00000000c7400000, 0x00000000c9b00000, 0x00000000ed180000)
  object space 39936K, 0% used [0x00000000c7400000,0x00000000c7400000,0x00000000c9b00000)
 Metaspace       used 747K, capacity 4480K, committed 4480K, reserved 1056768K
  class space    used 75K, capacity 384K, committed 384K, reserved 1048576K

Card table byte_map: [0x0000000014660000,0x0000000014830000] byte_map_base: 0x0000000014026000

Marking Bits: (ParMarkBitMap*) 0x000000006498f860
 Begin Bits: [0x0000000014d60000, 0x0000000015b90000)
 End Bits:   [0x0000000015b90000, 0x00000000169c0000)

Polling page: 0x0000000003280000

CodeCache: size=245760Kb used=328Kb max_used=328Kb free=245431Kb
 bounds [0x00000000052a0000, 0x0000000005510000, 0x00000000142a0000]
 total_blobs=58 nmethods=0 adapters=38
 compilation: enabled

Compilation events (0 events):
No events

GC Heap History (0 events):
No events

Deoptimization events (0 events):
No events

Classes redefined (0 events):
No events

Internal exceptions (0 events):
No events

Events (10 events):
Event: 0.051 loading class java/lang/Short
Event: 0.051 loading class java/lang/Short done
Event: 0.051 loading class java/lang/Integer
Event: 0.051 loading class java/lang/Integer done
Event: 0.051 loading class java/lang/Long
Event: 0.051 loading class java/lang/Long done
Event: 0.052 loading class java/lang/NullPointerException
Event: 0.053 loading class java/lang/NullPointerException done
Event: 0.053 loading class java/lang/ArithmeticException
Event: 0.053 loading class java/lang/ArithmeticException done


Dynamic libraries:
0x00007ff6665f0000 - 0x00007ff666627000 	C:\Program Files\Java\jre1.8.0_161\bin\javaw.exe
0x00007ff85a2f0000 - 0x00007ff85a4d0000 	C:\WINDOWS\SYSTEM32\ntdll.dll
0x00007ff85a210000 - 0x00007ff85a2be000 	C:\WINDOWS\System32\KERNEL32.DLL
0x00007ff856fe0000 - 0x00007ff857246000 	C:\WINDOWS\System32\KERNELBASE.dll
0x00007ff857a40000 - 0x00007ff857ae1000 	C:\WINDOWS\System32\ADVAPI32.dll
0x00007ff857930000 - 0x00007ff8579cd000 	C:\WINDOWS\System32\msvcrt.dll
0x00007ff857af0000 - 0x00007ff857b4b000 	C:\WINDOWS\System32\sechost.dll
0x00007ff859a10000 - 0x00007ff859b2f000 	C:\WINDOWS\System32\RPCRT4.dll
0x00007ff859570000 - 0x00007ff8596ff000 	C:\WINDOWS\System32\USER32.dll
0x00007ff8575b0000 - 0x00007ff8575d0000 	C:\WINDOWS\System32\win32u.dll
0x00007ff857f30000 - 0x00007ff857f58000 	C:\WINDOWS\System32\GDI32.dll
0x00007ff856e40000 - 0x00007ff856fd3000 	C:\WINDOWS\System32\gdi32full.dll
0x00007ff857620000 - 0x00007ff8576bb000 	C:\WINDOWS\System32\msvcp_win.dll
0x00007ff8576c0000 - 0x00007ff8577b6000 	C:\WINDOWS\System32\ucrtbase.dll
0x00007ff847e80000 - 0x00007ff8480e9000 	C:\WINDOWS\WinSxS\amd64_microsoft.windows.common-controls_6595b64144ccf1df_6.0.16299.192_none_15c8cdae9364c23b\COMCTL32.dll
0x00007ff857b70000 - 0x00007ff857e78000 	C:\WINDOWS\System32\combase.dll
0x00007ff857250000 - 0x00007ff8572c2000 	C:\WINDOWS\System32\bcryptPrimitives.dll
0x00007ff859b90000 - 0x00007ff859bbd000 	C:\WINDOWS\System32\IMM32.DLL
0x0000000063ed0000 - 0x0000000063fa2000 	C:\Program Files\Java\jre1.8.0_161\bin\msvcr100.dll
0x0000000064170000 - 0x0000000064a0f000 	C:\Program Files\Java\jre1.8.0_161\bin\server\jvm.dll
0x00007ff857b60000 - 0x00007ff857b68000 	C:\WINDOWS\System32\PSAPI.DLL
0x00007ff854fd0000 - 0x00007ff854ff3000 	C:\WINDOWS\SYSTEM32\WINMM.dll
0x00007ff853fc0000 - 0x00007ff853fc9000 	C:\WINDOWS\SYSTEM32\WSOCK32.dll
0x00007ff8579d0000 - 0x00007ff857a3c000 	C:\WINDOWS\System32\WS2_32.dll
0x00007ff8482c0000 - 0x00007ff8482ca000 	C:\WINDOWS\SYSTEM32\VERSION.dll
0x00007ff854f30000 - 0x00007ff854f5a000 	C:\WINDOWS\SYSTEM32\winmmbase.dll
0x00007ff8575d0000 - 0x00007ff85761a000 	C:\WINDOWS\System32\cfgmgr32.dll
0x0000000064080000 - 0x000000006408f000 	C:\Program Files\Java\jre1.8.0_161\bin\verify.dll
0x0000000064050000 - 0x0000000064079000 	C:\Program Files\Java\jre1.8.0_161\bin\java.dll
0x0000000064030000 - 0x0000000064046000 	C:\Program Files\Java\jre1.8.0_161\bin\zip.dll

VM Arguments:
jvm_args: -Dfile.encoding=Cp1252 
java_command: com.sunny.hibernate.LabI
java_class_path (initial): E:\Hibernate\Hibernate_Lab40\bin;E:\BOOKS\_SMIT\ELECTROICS AND COMMUNICATION\JAVA\java softy\Student DVD\Hibernate4.3-Jars\antlr-2.7.7.jar;E:\BOOKS\_SMIT\ELECTROICS AND COMMUNICATION\JAVA\java softy\Student DVD\Hibernate4.3-Jars\mchange-commons-java-0.2.3.4.jar;E:\BOOKS\_SMIT\ELECTROICS AND COMMUNICATION\JAVA\java softy\Student DVD\Hibernate4.3-Jars\c3p0-0.9.2.1.jar;E:\BOOKS\_SMIT\ELECTROICS AND COMMUNICATION\JAVA\java softy\Student DVD\Hibernate4.3-Jars\dom4j-1.6.1.jar;E:\BOOKS\_SMIT\ELECTROICS AND COMMUNICATION\JAVA\java softy\Student DVD\Hibernate4.3-Jars\ehcache-core-2.4.3.jar;E:\BOOKS\_SMIT\ELECTROICS AND COMMUNICATION\JAVA\java softy\Student DVD\Hibernate4.3-Jars\hibernate-c3p0-4.3.11.Final.jar;E:\BOOKS\_SMIT\ELECTROICS AND COMMUNICATION\JAVA\java softy\Student DVD\Hibernate4.3-Jars\hibernate-commons-annotations-4.0.5.Final.jar;E:\BOOKS\_SMIT\ELECTROICS AND COMMUNICATION\JAVA\java softy\Student DVD\Hibernate4.3-Jars\hibernate-core-4.3.11.Final.jar;E:\BOOKS\_SMIT\ELECTROICS AND COMMUNICATION\JAVA\java softy\Student DVD\Hibernate4.3-Jars\hibernate-ehcache-4.3.11.Final.jar;E:\BOOKS\_SMIT\ELECTROICS AND COMMUNICATION\JAVA\java softy\Student DVD\Hibernate4.3-Jars\hibernate-entitymanager-4.3.11.Final.jar;E:\BOOKS\_SMIT\ELECTROICS AND COMMUNICATION\JAVA\java softy\Student DVD\Hibernate4.3-Jars\hibernate-jpa-2.1-api-1.0.0.Final.jar;E:\BOOKS\_SMIT\ELECTROICS AND COMMUNICATION\JAVA\java softy\Student DVD\Hibernate4.3-Jars\jandex-1.1.0.Final.jar;E:\BOOKS\_SMIT\ELECTROICS AND COMMUNICATION\JAVA\java softy\Student DVD\Hibernate4.3-Jars\javassist-3.18.1-GA.jar;E:\BOOKS\_SMIT\ELECTROICS AND COMMUNICATION\JAVA\java softy\Student DVD\Hibernate4.3-Jars\jboss-logging-3.1.3.GA.jar;E:\BOOKS\_SMIT\ELECTROICS AND COMMUNICATION\JAVA\java softy\Student DVD\Hibernate4.3-Jars\jboss-logging-annotations-1.2.0.Beta1.jar;E:\BOOKS\_SMIT\ELECTROICS AND COMMUNICATION\JAVA\java softy\Student DVD\Hibernate4.3-Jars\jboss-transaction-api_1.2_spec-1.0.0.Final.jar;E:\BOO
Launcher Type: SUN_STANDARD

Environment Variables:
PATH=C:/Program Files/Java/jre1.8.0_161/bin/server;C:/Program Files/Java/jre1.8.0_161/bin;C:/Program Files/Java/jre1.8.0_161/lib/amd64;C:\oraclexe\app\oracle\product\10.2.0\server\bin;C:\ProgramData\Oracle\Java\javapath;C:\Program Files\Broadcom\Broadcom 802.11 Network Adapter\Driver;;C:\Program Files (x86)\Intel\iCLS Client\;C:\Program Files\Intel\iCLS Client\;C:\WinAVR-20100110\bin;C:\WinAVR-20100110\utils\bin;C:\WINDOWS\system32;C:\WINDOWS;C:\WINDOWS\System32\Wbem;C:\WINDOWS\System32\WindowsPowerShell\v1.0\;C:\Program Files\MATLAB\R2014a\runtime\win64;C:\Program Files\MATLAB\R2014a\bin;C:\Program Files\MATLAB\R2014a\polyspace\bin;C:\Program Files\Intel\Intel(R) Management Engine Components\DAL;C:\Program Files (x86)\Intel\Intel(R) Management Engine Components\DAL;C:\Program Files\Intel\Intel(R) Management Engine Components\IPT;C:\Program Files (x86)\Intel\Intel(R) Management Engine Components\IPT;E:\jdk1.8.0\bin;%USERPROFILE%\AppData\Local\Microsoft\WindowsApps;;E:\eclipse;
USERNAME=Sunny
OS=Windows_NT
PROCESSOR_IDENTIFIER=Intel64 Family 6 Model 42 Stepping 7, GenuineIntel



---------------  S Y S T E M  ---------------

OS: Windows 10.0 , 64 bit Build 16299 (10.0.16299.15)

CPU:total 4 (initial active 4) (2 cores per cpu, 2 threads per core) family 6 model 42 stepping 7, cmov, cx8, fxsr, mmx, sse, sse2, sse3, ssse3, sse4.1, sse4.2, popcnt, avx, clmul, ht, tsc, tscinvbit

Memory: 4k page, physical 3717232k(312576k free), swap 15251568k(6448k free)

vm_info: Java HotSpot(TM) 64-Bit Server VM (25.161-b12) for windows-amd64 JRE (1.8.0_161-b12), built on Dec 19 2017 17:52:25 by "java_re" with MS VC++ 10.0 (VS2010)

time: Sun Feb 25 18:41:34 2018
elapsed time: 0 seconds (0d 0h 0m 0s)

